<?xml version="1.0" encoding="UTF-8"?>
<!-- Generated by org.testng.reporters.JUnitReportReporter -->
<testsuite skipped="0" hostname="DESKTOP-D2TEAUT" name="imagePackage.ImageClass" tests="1" failures="0" timestamp="2020-01-20T16:17:19 CST" time="13.707" errors="0">
  <testcase name="verifyImageAppearance" time="13.707" classname="imagePackage.ImageClass"/>
</testsuite> <!-- imagePackage.ImageClass -->
